
                       Liberty NCX (TM) C-2009.06-SP1
               Synopsys Inc. Proprietary and Confidential
   Your use of this program and its documentation are covered by a license
      agreement, a copy of which may be found in the file "license.txt"
     located in the install directory. Your use of this program is your
            consent to be bound by its terms and conditions.
    Parts of this program are protected by law and international treaties.

           Unpublished - Copyright (c) 2006 Synopsys Inc.
                          All rights reserved.
  All rights for unpublished material are reserved under U.S. copyright laws.
Copyright notice is precautionary and does not imply publication or disclosure.
                  Liberty NCX is a Trademark of Synopsys Inc.


Build date: Jul 16 2009

Local host: Microelectronic.lab.edu Linux (2.6.18-406.el5) (x86_64 X 16)

Command-line: /opt/Synopsys/NCX/ncx/amd64/bin/ncx \
   -output_library PassTransistor.lib \
   -model_file ../model.typ \
   -netlist_dir ../netlists \
   -simulator_exec /opt/Synopsys/HSPICE/hspice/amd64/hspice \
   -templates true \
   -input_template_dir config \
   -library_template_file PassTransistor \
   -timing true \
   -farm_type NoFarm
Process id: 27856

Program configuration:
  Files/folders:
    output_library      : /home/Rezayi/Desktop/NCXtemplate/creation/PassTransistor.lib (user)
    log_file            : /home/Rezayi/Desktop/NCXtemplate/creation/ncx.log
    work_dir            : /home/Rezayi/Desktop/NCXtemplate/creation/work
  Flows:
    preanalysis_opt     : auto
    prechar             : false
    timing              : true (user)
    power               : false
    noise               : false
    compact             : true
    templates           : true (user)
    ibis                : false
  Simulation settings:
    simulator_exec      : /opt/Synopsys/HSPICE/hspice/amd64/hspice (user)
    simulator_type      : hspice
    model_file          : /home/Rezayi/Desktop/NCXtemplate/creation/../model.typ (user)
    netlist_dir         : /home/Rezayi/Desktop/NCXtemplate/creation/../netlists (user)
    netlist_suffix      : .spc
    simulation_dir      : /home/Rezayi/Desktop/NCXtemplate/creation
  Compute farm:
    farm_type           : NoFarm (user)
    queue_name          : normal
    project_name        : NcxProj
    bundle_size         : 50
    constraint_bundle_size: 10
    max_jobs            : 100
    max_job_time        : 600
    update_interval     : 60
    farm_retry_limit    : 3
    farm_retry_interval : 3
    model_extraction_to_farm: false
    backup_failed_sims  : false
  Output format control:
    precision           : 7
    only_active_cells_to_library: false
    failed_cells_to_library: false
    sensitization_to_library: false
    driver_waveform_to_library: true
    use_driver_waveform_from_library: true
  Program control:
    autofix             : true
    fix_nldm_timing     : delay
    cleanup             : 1
    reuse               : false
    test_simulator      : true
  Timing model acquisition options:
    ccs_timing          : true
    compact_timing      : true
    nldm                : true
    capacitance         : true
    delay               : true
    constraint          : true
    shpr_constraint     : false
    design_rules        : false
    max_capacitance     : true
    max_transition      : true
    variation           : false
    mismatch            : false
  Template usage options:
    input_template_dir  : /home/Rezayi/Desktop/NCXtemplate/creation/config (user)
    output_template_dir : /home/Rezayi/Desktop/NCXtemplate/creation/work
    library_template_file: PassTransistor (user)
    template_suffix     : .opt
    timing_arcs_to_template: false
    sensitization_to_template: false

Sat May 21 14:39:39 2016

--- begin flow...
--- testing simulation setup...
using HSPICE -- F-2011.09-SP1 64-BIT (Nov 18 2011)
done

creating library PassTransistor
initializing database...

reading /home/Rezayi/Desktop/NCXtemplate/creation/config/PassTransistor.opt...
  do 6 cells...done
Warning: Convert rail_connection format to pg_pin by default.
  adding new cell And2

reading /home/Rezayi/Desktop/NCXtemplate/creation/config/and2.opt...done
  adding new cell And3

reading /home/Rezayi/Desktop/NCXtemplate/creation/config/and3.opt...done
  adding new cell Or2

reading /home/Rezayi/Desktop/NCXtemplate/creation/config/or2.opt...done
  adding new cell Or3

reading /home/Rezayi/Desktop/NCXtemplate/creation/config/or3.opt...done
  adding new cell Xor2

reading /home/Rezayi/Desktop/NCXtemplate/creation/config/xor2.opt...done
  adding new cell Xor3

reading /home/Rezayi/Desktop/NCXtemplate/creation/config/xor3.opt...done
Warning: PassTransistor::And2::A is not a PAD pin.  The voltage group DC_17 will be ignored.
Warning: PassTransistor::And2::Ap is not a PAD pin.  The voltage group DC_16 will be ignored.
Warning: PassTransistor::And2::B is not a PAD pin.  The voltage group DC_15 will be ignored.
Warning: PassTransistor::And2::Out is not a PAD pin.  The voltage group DC_6 will be ignored.
Warning: PassTransistor::And3::A is not a PAD pin.  The voltage group DC_17 will be ignored.
Warning: PassTransistor::And3::Bp is not a PAD pin.  The voltage group DC_16 will be ignored.
Warning: PassTransistor::And3::B is not a PAD pin.  The voltage group DC_15 will be ignored.
Warning: PassTransistor::And3::C is not a PAD pin.  The voltage group DC_14 will be ignored.
Warning: PassTransistor::And3::Cp is not a PAD pin.  The voltage group DC_14 will be ignored.
Warning: PassTransistor::And3::Out is not a PAD pin.  The voltage group DC_6 will be ignored.
Warning: PassTransistor::Or2::A is not a PAD pin.  The voltage group DC_17 will be ignored.
Warning: PassTransistor::Or2::Ap is not a PAD pin.  The voltage group DC_16 will be ignored.
Warning: PassTransistor::Or2::B is not a PAD pin.  The voltage group DC_15 will be ignored.
Warning: PassTransistor::Or2::Out is not a PAD pin.  The voltage group DC_6 will be ignored.
Warning: PassTransistor::Or3::A is not a PAD pin.  The voltage group DC_17 will be ignored.
Warning: PassTransistor::Or3::Bp is not a PAD pin.  The voltage group DC_16 will be ignored.
Warning: PassTransistor::Or3::B is not a PAD pin.  The voltage group DC_15 will be ignored.
Warning: PassTransistor::Or3::C is not a PAD pin.  The voltage group DC_14 will be ignored.
Warning: PassTransistor::Or3::Cp is not a PAD pin.  The voltage group DC_14 will be ignored.
Warning: PassTransistor::Or3::Out is not a PAD pin.  The voltage group DC_6 will be ignored.
Warning: PassTransistor::Xor2::A is not a PAD pin.  The voltage group DC_17 will be ignored.
Warning: PassTransistor::Xor2::Ap is not a PAD pin.  The voltage group DC_16 will be ignored.
Warning: PassTransistor::Xor2::B is not a PAD pin.  The voltage group DC_15 will be ignored.
Warning: PassTransistor::Xor2::Bp is not a PAD pin.  The voltage group DC_14 will be ignored.
Warning: PassTransistor::Xor2::Out is not a PAD pin.  The voltage group DC_6 will be ignored.
Warning: PassTransistor::Xor3::A is not a PAD pin.  The voltage group DC_18 will be ignored.
Warning: PassTransistor::Xor3::Ap is not a PAD pin.  The voltage group DC_17 will be ignored.
Warning: PassTransistor::Xor3::Bp is not a PAD pin.  The voltage group DC_16 will be ignored.
Warning: PassTransistor::Xor3::B is not a PAD pin.  The voltage group DC_15 will be ignored.
Warning: PassTransistor::Xor3::C is not a PAD pin.  The voltage group DC_14 will be ignored.
Warning: PassTransistor::Xor3::Cp is not a PAD pin.  The voltage group DC_18 will be ignored.
Warning: PassTransistor::Xor3::Out is not a PAD pin.  The voltage group DC_6 will be ignored.

cell types:
  combinational  : 6
done

Sat May 21 14:39:46 2016

--- generating sensitizations...

cell PassTransistor::And2 (1 of 6) (3in/1out pins)
Error: And2: output pin Out has invalid pin GND in function statement. (NCXSN-33)
Error: failed sensitization

cell PassTransistor::And3 (2 of 6) (5in/1out pins)
creating delay arcs...
   combinational (positive_unate) A -> Out
   combinational (positive_unate) B -> Out
   combinational (positive_unate) C -> Out
3 delay arcs created


cell PassTransistor::Or2 (3 of 6) (3in/1out pins)
creating delay arcs...
   combinational (positive_unate) A -> Out
   combinational (positive_unate) B -> Out
2 delay arcs created


cell PassTransistor::Or3 (4 of 6) (5in/1out pins)
creating delay arcs...
   combinational (positive_unate) A -> Out
   combinational (positive_unate) B -> Out
   combinational (positive_unate) C -> Out
3 delay arcs created


cell PassTransistor::Xor2 (5 of 6) (4in/1out pins)
creating delay arcs...
   combinational (positive_unate) A -> Out
   combinational (negative_unate) A -> Out
   combinational (positive_unate) B -> Out
   combinational (negative_unate) B -> Out
4 delay arcs created


cell PassTransistor::Xor3 (6 of 6) (6in/1out pins)
creating delay arcs...
   combinational (positive_unate) A -> Out
   combinational (negative_unate) A -> Out
   combinational (positive_unate) B -> Out
   combinational (negative_unate) B -> Out
   combinational (positive_unate) C -> Out
   combinational (negative_unate) C -> Out
6 delay arcs created

done

Sat May 21 14:39:46 2016

--- checking indices and signal levels...

Sat May 21 14:39:46 2016

--- pre-analyzing cells...

cell PassTransistor::And3 (2 of 6) ()
  using existing optimization

cell PassTransistor::Or2 (3 of 6) ()
  using existing optimization

cell PassTransistor::Or3 (4 of 6) ()
  using existing optimization

cell PassTransistor::Xor2 (5 of 6) ()
  using existing optimization

cell PassTransistor::Xor3 (6 of 6) ()
  using existing optimization
done

--- checking pre-analysis simulations...

--- processing pre-analysis results...

cell PassTransistor::And2 (1 of 6)

cell PassTransistor::And3 (2 of 6)

cell PassTransistor::Or2 (3 of 6)

cell PassTransistor::Or3 (4 of 6)

cell PassTransistor::Xor2 (5 of 6)

cell PassTransistor::Xor3 (6 of 6)
done

Sat May 21 14:39:46 2016

--- building netlists for nominal analysis ...

cell PassTransistor::And3 (2 of 6) ()
  applying optimizations...done

cell PassTransistor::Or2 (3 of 6) ()
  applying optimizations...done

cell PassTransistor::Or3 (4 of 6) ()
  applying optimizations...done

cell PassTransistor::Xor2 (5 of 6) ()
  applying optimizations...done

cell PassTransistor::Xor3 (6 of 6) ()
  applying optimizations...done
done

Sat May 21 14:39:46 2016

--- checking nominal simulation status...

queued=56 done=0

queued=55 done=0

queued=54 done=0

queued=53 done=0

queued=52 done=0

queued=51 done=0

queued=50 done=0

queued=49 done=0

queued=48 done=0

queued=47 done=0

queued=46 done=0

queued=45 done=0

queued=44 done=0

queued=43 done=0

queued=42 done=0

queued=41 done=0

[1/56] And3::Bp cBpf.sp

[2/56] And3::combinational arc [0] A -> Out r () tOut_A_0000r.sp
Error: Failed to read nc_optr_Out measurement (NCXMD-3)
  netlist: /home/Rezayi/Desktop/NCXtemplate/creation/PassTransistor/And3/tOut_A_0000r/tOut_A_0000r.sp
check /home/Rezayi/Desktop/NCXtemplate/creation/PassTransistor/And3/tOut_A_0000r/tOut_A_0000r.sp.bat.log for errors
Error: Model extractor fails for netlist [/home/Rezayi/Desktop/NCXtemplate/creation/PassTransistor/And3/tOut_A_0000r/tOut_A_0000r.sp] of cell [And3]. (NCXFL-6)

[3/56] Or2::Ap cApf.sp

[4/56] And3::Cp cCpf.sp

[5/56] Or2::combinational arc [1] B -> Out r () tOut_B_0001r.sp
Error: Failed to read nc_optr_Out measurement (NCXMD-3)
  netlist: /home/Rezayi/Desktop/NCXtemplate/creation/PassTransistor/Or2/tOut_B_0001r/tOut_B_0001r.sp
check /home/Rezayi/Desktop/NCXtemplate/creation/PassTransistor/Or2/tOut_B_0001r/tOut_B_0001r.sp.bat.log for errors
Error: Model extractor fails for netlist [/home/Rezayi/Desktop/NCXtemplate/creation/PassTransistor/Or2/tOut_B_0001r/tOut_B_0001r.sp] of cell [Or2]. (NCXFL-6)

[6/56] And3::combinational arc [2] C -> Out f () tOut_C_0002f.sp
Error: Failed to read nc_optr_Out measurement (NCXMD-3)
  netlist: /home/Rezayi/Desktop/NCXtemplate/creation/PassTransistor/And3/tOut_C_0002f/tOut_C_0002f.sp
check /home/Rezayi/Desktop/NCXtemplate/creation/PassTransistor/And3/tOut_C_0002f/tOut_C_0002f.sp.bat.log for errors
Error: Model extractor fails for netlist [/home/Rezayi/Desktop/NCXtemplate/creation/PassTransistor/And3/tOut_C_0002f/tOut_C_0002f.sp] of cell [And3]. (NCXFL-6)

[7/56] And3::Bp cBpr.sp

[8/56] And3::combinational arc [0] A -> Out f () tOut_A_0000f.sp
Error: Failed to read nc_optr_Out measurement (NCXMD-3)
  netlist: /home/Rezayi/Desktop/NCXtemplate/creation/PassTransistor/And3/tOut_A_0000f/tOut_A_0000f.sp
check /home/Rezayi/Desktop/NCXtemplate/creation/PassTransistor/And3/tOut_A_0000f/tOut_A_0000f.sp.bat.log for errors
Error: Model extractor fails for netlist [/home/Rezayi/Desktop/NCXtemplate/creation/PassTransistor/And3/tOut_A_0000f/tOut_A_0000f.sp] of cell [And3]. (NCXFL-6)

[9/56] Or2::combinational arc [0] A -> Out f () tOut_A_0000f.sp
Error: Failed to read nc_delay_A_Out measurement (NCXMD-3)
Error: PassTransistor::Or2::Out: Failed to read delays in /home/Rezayi/Desktop/NCXtemplate/creation/PassTransistor/Or2/tOut_A_0000f/tOut_A_0000f.sp (NCXMD-8)
  netlist: /home/Rezayi/Desktop/NCXtemplate/creation/PassTransistor/Or2/tOut_A_0000f/tOut_A_0000f.sp
check /home/Rezayi/Desktop/NCXtemplate/creation/PassTransistor/Or2/tOut_A_0000f/tOut_A_0000f.sp.bat.log for errors
Error: Model extractor fails for netlist [/home/Rezayi/Desktop/NCXtemplate/creation/PassTransistor/Or2/tOut_A_0000f/tOut_A_0000f.sp] of cell [Or2]. (NCXFL-6)

[10/56] And3::combinational arc [2] C -> Out r () tOut_C_0002r.sp
Error: Failed to read nc_delay_C_Out measurement (NCXMD-3)
Error: PassTransistor::And3::Out: Failed to read delays in /home/Rezayi/Desktop/NCXtemplate/creation/PassTransistor/And3/tOut_C_0002r/tOut_C_0002r.sp (NCXMD-8)
  netlist: /home/Rezayi/Desktop/NCXtemplate/creation/PassTransistor/And3/tOut_C_0002r/tOut_C_0002r.sp
check /home/Rezayi/Desktop/NCXtemplate/creation/PassTransistor/And3/tOut_C_0002r/tOut_C_0002r.sp.bat.log for errors
Error: Model extractor fails for netlist [/home/Rezayi/Desktop/NCXtemplate/creation/PassTransistor/And3/tOut_C_0002r/tOut_C_0002r.sp] of cell [And3]. (NCXFL-6)

[11/56] Or2::combinational arc [0] A -> Out r () tOut_A_0000r.sp
Error: Failed to read nc_optr_Out measurement (NCXMD-3)
  netlist: /home/Rezayi/Desktop/NCXtemplate/creation/PassTransistor/Or2/tOut_A_0000r/tOut_A_0000r.sp
check /home/Rezayi/Desktop/NCXtemplate/creation/PassTransistor/Or2/tOut_A_0000r/tOut_A_0000r.sp.bat.log for errors
Error: Model extractor fails for netlist [/home/Rezayi/Desktop/NCXtemplate/creation/PassTransistor/Or2/tOut_A_0000r/tOut_A_0000r.sp] of cell [Or2]. (NCXFL-6)

[12/56] And3::Cp cCpr.sp

[13/56] And3::combinational arc [1] B -> Out f () tOut_B_0001f.sp
Error: Failed to read nc_delay_B_Out measurement (NCXMD-3)
Error: PassTransistor::And3::Out: Failed to read delays in /home/Rezayi/Desktop/NCXtemplate/creation/PassTransistor/And3/tOut_B_0001f/tOut_B_0001f.sp (NCXMD-8)
  netlist: /home/Rezayi/Desktop/NCXtemplate/creation/PassTransistor/And3/tOut_B_0001f/tOut_B_0001f.sp
check /home/Rezayi/Desktop/NCXtemplate/creation/PassTransistor/And3/tOut_B_0001f/tOut_B_0001f.sp.bat.log for errors
Error: Model extractor fails for netlist [/home/Rezayi/Desktop/NCXtemplate/creation/PassTransistor/And3/tOut_B_0001f/tOut_B_0001f.sp] of cell [And3]. (NCXFL-6)

[14/56] And3::combinational arc [1] B -> Out r () tOut_B_0001r.sp
Error: Failed to read nc_delay_B_Out measurement (NCXMD-3)
Error: PassTransistor::And3::Out: Failed to read delays in /home/Rezayi/Desktop/NCXtemplate/creation/PassTransistor/And3/tOut_B_0001r/tOut_B_0001r.sp (NCXMD-8)
  netlist: /home/Rezayi/Desktop/NCXtemplate/creation/PassTransistor/And3/tOut_B_0001r/tOut_B_0001r.sp
check /home/Rezayi/Desktop/NCXtemplate/creation/PassTransistor/And3/tOut_B_0001r/tOut_B_0001r.sp.bat.log for errors
Error: Model extractor fails for netlist [/home/Rezayi/Desktop/NCXtemplate/creation/PassTransistor/And3/tOut_B_0001r/tOut_B_0001r.sp] of cell [And3]. (NCXFL-6)

[15/56] Or2::Ap cApr.sp

[16/56] Or2::combinational arc [1] B -> Out f () tOut_B_0001f.sp
Error: Failed to read nc_optr_Out measurement (NCXMD-3)
  netlist: /home/Rezayi/Desktop/NCXtemplate/creation/PassTransistor/Or2/tOut_B_0001f/tOut_B_0001f.sp
check /home/Rezayi/Desktop/NCXtemplate/creation/PassTransistor/Or2/tOut_B_0001f/tOut_B_0001f.sp.bat.log for errors
Error: Model extractor fails for netlist [/home/Rezayi/Desktop/NCXtemplate/creation/PassTransistor/Or2/tOut_B_0001f/tOut_B_0001f.sp] of cell [Or2]. (NCXFL-6)

user-interrupt detected.  Cleaning up...
  \pkill -P 28012
  \pkill -P 28020
  \pkill -P 28026
  \pkill -P 28034
  \pkill -P 28042
  \pkill -P 28046
  \pkill -P 28054
  \pkill -P 28060
  \pkill -P 28065
  \pkill -P 28074
  \pkill -P 28080
  \pkill -P 28082
  \pkill -P 28094
  \pkill -P 28096
  \pkill -P 28101
  \pkill -P 28114

